C:\Users\finchyao.ZHAOXIN\Desktop\usb-hid\usb_hid_libusb\usb_hid_libusb\x64\Debug\cl.command.1.tlog
C:\Users\finchyao.ZHAOXIN\Desktop\usb-hid\usb_hid_libusb\usb_hid_libusb\x64\Debug\CL.read.1.tlog
C:\Users\finchyao.ZHAOXIN\Desktop\usb-hid\usb_hid_libusb\usb_hid_libusb\x64\Debug\CL.write.1.tlog
C:\Users\finchyao.ZHAOXIN\Desktop\usb-hid\usb_hid_libusb\usb_hid_libusb\x64\Debug\link.1256.read.1.tlog
C:\Users\finchyao.ZHAOXIN\Desktop\usb-hid\usb_hid_libusb\usb_hid_libusb\x64\Debug\link.1256.write.1.tlog
C:\Users\finchyao.ZHAOXIN\Desktop\usb-hid\usb_hid_libusb\usb_hid_libusb\x64\Debug\link.1256-cvtres.read.1.tlog
C:\Users\finchyao.ZHAOXIN\Desktop\usb-hid\usb_hid_libusb\usb_hid_libusb\x64\Debug\link.1256-cvtres.write.1.tlog
C:\Users\finchyao.ZHAOXIN\Desktop\usb-hid\usb_hid_libusb\usb_hid_libusb\x64\Debug\link.2344.read.1.tlog
C:\Users\finchyao.ZHAOXIN\Desktop\usb-hid\usb_hid_libusb\usb_hid_libusb\x64\Debug\link.2344.write.1.tlog
C:\Users\finchyao.ZHAOXIN\Desktop\usb-hid\usb_hid_libusb\usb_hid_libusb\x64\Debug\link.2344-cvtres.read.1.tlog
C:\Users\finchyao.ZHAOXIN\Desktop\usb-hid\usb_hid_libusb\usb_hid_libusb\x64\Debug\link.2344-cvtres.write.1.tlog
C:\Users\finchyao.ZHAOXIN\Desktop\usb-hid\usb_hid_libusb\usb_hid_libusb\x64\Debug\link.8808.read.1.tlog
C:\Users\finchyao.ZHAOXIN\Desktop\usb-hid\usb_hid_libusb\usb_hid_libusb\x64\Debug\link.8808.write.1.tlog
C:\Users\finchyao.ZHAOXIN\Desktop\usb-hid\usb_hid_libusb\usb_hid_libusb\x64\Debug\link.8808-cvtres.read.1.tlog
C:\Users\finchyao.ZHAOXIN\Desktop\usb-hid\usb_hid_libusb\usb_hid_libusb\x64\Debug\link.8808-cvtres.write.1.tlog
C:\Users\finchyao.ZHAOXIN\Desktop\usb-hid\usb_hid_libusb\usb_hid_libusb\x64\Debug\link.command.1.tlog
C:\Users\finchyao.ZHAOXIN\Desktop\usb-hid\usb_hid_libusb\usb_hid_libusb\x64\Debug\link.read.1.tlog
C:\Users\finchyao.ZHAOXIN\Desktop\usb-hid\usb_hid_libusb\usb_hid_libusb\x64\Debug\link.write.1.tlog
C:\Users\finchyao.ZHAOXIN\Desktop\usb-hid\usb_hid_libusb\usb_hid_libusb\x64\Debug\link-cvtres.read.1.tlog
C:\Users\finchyao.ZHAOXIN\Desktop\usb-hid\usb_hid_libusb\usb_hid_libusb\x64\Debug\link-cvtres.write.1.tlog
C:\USERS\FINCHYAO.ZHAOXIN\DESKTOP\USB-HID\USB_HID_LIBUSB\USB_HID_LIBUSB\X64\DEBUG\MAIN.OBJ
C:\Users\finchyao.ZHAOXIN\Desktop\usb-hid\usb_hid_libusb\usb_hid_libusb\x64\Debug\mt.command.1.tlog
C:\Users\finchyao.ZHAOXIN\Desktop\usb-hid\usb_hid_libusb\usb_hid_libusb\x64\Debug\mt.read.1.tlog
C:\Users\finchyao.ZHAOXIN\Desktop\usb-hid\usb_hid_libusb\usb_hid_libusb\x64\Debug\mt.write.1.tlog
C:\Users\finchyao.ZHAOXIN\Desktop\usb-hid\usb_hid_libusb\usb_hid_libusb\x64\Debug\rc.command.1.tlog
C:\Users\finchyao.ZHAOXIN\Desktop\usb-hid\usb_hid_libusb\usb_hid_libusb\x64\Debug\rc.read.1.tlog
C:\Users\finchyao.ZHAOXIN\Desktop\usb-hid\usb_hid_libusb\usb_hid_libusb\x64\Debug\rc.write.1.tlog
C:\USERS\FINCHYAO.ZHAOXIN\DESKTOP\USB-HID\USB_HID_LIBUSB\USB_HID_LIBUSB\X64\DEBUG\USB_HID_LIBUSB.EXE.EMBED.MANIFEST
C:\USERS\FINCHYAO.ZHAOXIN\DESKTOP\USB-HID\USB_HID_LIBUSB\USB_HID_LIBUSB\X64\DEBUG\USB_HID_LIBUSB.EXE.EMBED.MANIFEST.RES
C:\USERS\FINCHYAO.ZHAOXIN\DESKTOP\USB-HID\USB_HID_LIBUSB\USB_HID_LIBUSB\X64\DEBUG\USB_HID_LIBUSB.EXE.INTERMEDIATE.MANIFEST
C:\Users\finchyao.ZHAOXIN\Desktop\usb-hid\usb_hid_libusb\usb_hid_libusb\x64\Debug\usb_hid_libusb.vcxprojResolveAssemblyReference.cache
C:\Users\finchyao.ZHAOXIN\Desktop\usb-hid\usb_hid_libusb\usb_hid_libusb\x64\Debug\usb_hid_libusb.write.1.tlog
C:\Users\finchyao.ZHAOXIN\Desktop\usb-hid\usb_hid_libusb\usb_hid_libusb\x64\Debug\usb_hid_libusb_manifest.rc
C:\Users\finchyao.ZHAOXIN\Desktop\usb-hid\usb_hid_libusb\usb_hid_libusb\x64\Debug\vc100.idb
C:\USERS\FINCHYAO.ZHAOXIN\DESKTOP\USB-HID\USB_HID_LIBUSB\USB_HID_LIBUSB\X64\DEBUG\VC100.PDB
C:\USERS\FINCHYAO.ZHAOXIN\DESKTOP\USB-HID\USB_HID_LIBUSB\X64\DEBUG\USB_HID_LIBUSB.EXE
C:\USERS\FINCHYAO.ZHAOXIN\DESKTOP\USB-HID\USB_HID_LIBUSB\X64\DEBUG\USB_HID_LIBUSB.ILK
C:\USERS\FINCHYAO.ZHAOXIN\DESKTOP\USB-HID\USB_HID_LIBUSB\X64\DEBUG\USB_HID_LIBUSB.PDB
