Build started 2016/12/16 20:20:31.
     1>Project "C:\Users\finchyao.ZHAOXIN\Desktop\usb-hid\usb_hid_libusb\usb_hid_libusb\usb_hid_libusb.vcxproj" on node 2 (build target(s)).
     1>InitializeBuildStatus:
         Creating "x64\Debug\usb_hid_libusb.unsuccessfulbuild" because "AlwaysCreate" was specified.
       ClCompile:
         C:\Program Files (x86)\Microsoft Visual Studio 10.0\VC\bin\x86_amd64\CL.exe /c /I"C:\Users\finchyao.ZHAOXIN\Desktop\usb-hid\usb_hid_libusb\usb_hid_libusb" /Zi /nologo /W3 /WX- /Od /D WIN32 /D _DEBUG /D _CONSOLE /D _UNICODE /D UNICODE /Gm /EHsc /RTC1 /MDd /GS /fp:precise /Zc:wchar_t /Zc:forScope /Fo"x64\Debug\\" /Fd"x64\Debug\vc100.pdb" /Gd /TP /errorReport:prompt main.cpp
         main.cpp
     1>c:\users\finchyao.zhaoxin\desktop\usb-hid\usb_hid_libusb\usb_hid_libusb\libusb.h(739): warning C4200: nonstandard extension used : zero-sized array in struct/union
                 Cannot generate copy-ctor or copy-assignment operator when UDT contains a zero-sized array
     1>c:\users\finchyao.zhaoxin\desktop\usb-hid\usb_hid_libusb\usb_hid_libusb\libusb.h(770): warning C4200: nonstandard extension used : zero-sized array in struct/union
                 Cannot generate copy-ctor or copy-assignment operator when UDT contains a zero-sized array
     1>c:\users\finchyao.zhaoxin\desktop\usb-hid\usb_hid_libusb\usb_hid_libusb\libusb.h(1263): warning C4200: nonstandard extension used : zero-sized array in struct/union
                 Cannot generate copy-ctor or copy-assignment operator when UDT contains a zero-sized array
     1>main.cpp(27): warning C4244: '=' : conversion from 'ssize_t' to 'int', possible loss of data
       ManifestResourceCompile:
         All outputs are up-to-date.
       Link:
         C:\Program Files (x86)\Microsoft Visual Studio 10.0\VC\bin\x86_amd64\link.exe /ERRORREPORT:PROMPT /OUT:"C:\Users\finchyao.ZHAOXIN\Desktop\usb-hid\usb_hid_libusb\x64\Debug\usb_hid_libusb.exe" /INCREMENTAL /NOLOGO /LIBPATH:"C:\Users\finchyao.ZHAOXIN\Desktop\usb-hid\usb_hid_libusb\usb_hid_libusb" "libusb-1.0.lib" kernel32.lib user32.lib gdi32.lib winspool.lib comdlg32.lib advapi32.lib shell32.lib ole32.lib oleaut32.lib uuid.lib odbc32.lib odbccp32.lib /MANIFEST /ManifestFile:"x64\Debug\usb_hid_libusb.exe.intermediate.manifest" /MANIFESTUAC:"level='asInvoker' uiAccess='false'" /DEBUG /PDB:"C:\Users\finchyao.ZHAOXIN\Desktop\usb-hid\usb_hid_libusb\x64\Debug\usb_hid_libusb.pdb" /SUBSYSTEM:CONSOLE /TLBID:1 /DYNAMICBASE /NXCOMPAT /IMPLIB:"C:\Users\finchyao.ZHAOXIN\Desktop\usb-hid\usb_hid_libusb\x64\Debug\usb_hid_libusb.lib" /MACHINE:X64 x64\Debug\usb_hid_libusb.exe.embed.manifest.res
         x64\Debug\main.obj
         "libusb-1.0.lib"
         usb_hid_libusb.vcxproj -> C:\Users\finchyao.ZHAOXIN\Desktop\usb-hid\usb_hid_libusb\x64\Debug\usb_hid_libusb.exe
       Manifest:
         C:\Program Files (x86)\Microsoft SDKs\Windows\v7.0A\bin\mt.exe /nologo /verbose /out:"x64\Debug\usb_hid_libusb.exe.embed.manifest" /manifest x64\Debug\usb_hid_libusb.exe.intermediate.manifest
         All outputs are up-to-date.
       LinkEmbedManifest:
         All outputs are up-to-date.
         usb_hid_libusb.vcxproj -> C:\Users\finchyao.ZHAOXIN\Desktop\usb-hid\usb_hid_libusb\x64\Debug\usb_hid_libusb.exe
       FinalizeBuildStatus:
         Deleting file "x64\Debug\usb_hid_libusb.unsuccessfulbuild".
         Touching "x64\Debug\usb_hid_libusb.lastbuildstate".
     1>Done Building Project "C:\Users\finchyao.ZHAOXIN\Desktop\usb-hid\usb_hid_libusb\usb_hid_libusb\usb_hid_libusb.vcxproj" (build target(s)).

Build succeeded.

Time Elapsed 00:00:03.46
